0 info it worked if it ends with ok
1 verbose cli [ '/usr/bin/nodejs', '/usr/bin/npm', 'run', 'flask-server' ]
2 info using npm@3.5.2
3 info using node@v4.2.6
4 verbose run-script [ 'preflask-server', 'flask-server', 'postflask-server' ]
5 info lifecycle OSINT_Platform@1.0.0~preflask-server: OSINT_Platform@1.0.0
6 silly lifecycle OSINT_Platform@1.0.0~preflask-server: no script for preflask-server, continuing
7 info lifecycle OSINT_Platform@1.0.0~flask-server: OSINT_Platform@1.0.0
8 verbose lifecycle OSINT_Platform@1.0.0~flask-server: unsafe-perm in lifecycle true
9 verbose lifecycle OSINT_Platform@1.0.0~flask-server: PATH: /usr/share/npm/bin/node-gyp-bin:/home/original/PycharmProjects/Dissertation/OSINT_Platform/node_modules/.bin:/usr/share/npm/bin/node-gyp-bin:/home/original/PycharmProjects/Dissertation/OSINT_Platform/node_modules/.bin:/usr/local/sbin:/usr/local/bin:/usr/sbin:/usr/bin:/sbin:/bin:/snap/bin
10 verbose lifecycle OSINT_Platform@1.0.0~flask-server: CWD: /home/original/PycharmProjects/Dissertation/OSINT_Platform
11 silly lifecycle OSINT_Platform@1.0.0~flask-server: Args: [ '-c', 'FLASK_APP=$PWD/autoapp.py FLASK_DEBUG=1 flask run' ]
12 info lifecycle OSINT_Platform@1.0.0~flask-server: Failed to exec flask-server script
13 verbose stack Error: OSINT_Platform@1.0.0 flask-server: `FLASK_APP=$PWD/autoapp.py FLASK_DEBUG=1 flask run`
13 verbose stack spawn ENOENT
13 verbose stack     at ChildProcess.<anonymous> (/usr/share/npm/lib/utils/spawn.js:17:16)
13 verbose stack     at emitTwo (events.js:87:13)
13 verbose stack     at ChildProcess.emit (events.js:172:7)
13 verbose stack     at maybeClose (internal/child_process.js:821:16)
13 verbose stack     at Process.ChildProcess._handle.onexit (internal/child_process.js:211:5)
14 verbose pkgid OSINT_Platform@1.0.0
15 verbose cwd /home/original/PycharmProjects/Dissertation/OSINT_Platform
16 error Linux 4.10.0-38-generic
17 error argv "/usr/bin/nodejs" "/usr/bin/npm" "run" "flask-server"
18 error node v4.2.6
19 error npm  v3.5.2
20 error file sh
21 error code ELIFECYCLE
22 error errno ENOENT
23 error syscall spawn
24 error OSINT_Platform@1.0.0 flask-server: `FLASK_APP=$PWD/autoapp.py FLASK_DEBUG=1 flask run`
24 error spawn ENOENT
25 error Failed at the OSINT_Platform@1.0.0 flask-server script 'FLASK_APP=$PWD/autoapp.py FLASK_DEBUG=1 flask run'.
25 error Make sure you have the latest version of node.js and npm installed.
25 error If you do, this is most likely a problem with the OSINT_Platform package,
25 error not with npm itself.
25 error Tell the author that this fails on your system:
25 error     FLASK_APP=$PWD/autoapp.py FLASK_DEBUG=1 flask run
25 error You can get information on how to open an issue for this project with:
25 error     npm bugs OSINT_Platform
25 error Or if that isn't available, you can get their info via:
25 error     npm owner ls OSINT_Platform
25 error There is likely additional logging output above.
26 verbose exit [ 1, true ]
